[0m[[0minfo[0m] [0mLoading global plugins from /home/julianpeeters/.sbt/plugins[0m
[0m[[0minfo[0m] [0mSet current project to scalavro-example (in build file:/home/julianpeeters/scalavro-example/)[0m
[0m[[33mwarn[0m] [0mPotentially incompatible versions of dependencies of {file:/home/julianpeeters/scalavro-example/}default-29de42:[0m
[0m[[33mwarn[0m] [0m   org.scala-lang: 2.10.2, 2.10.0[0m
[0m[[0minfo[0m] [0mCompiling 1 Scala source to /home/julianpeeters/scalavro-example/target/scala-2.10/classes...[0m
[0m[[0minfo[0m] [0mRunning Test [0m
class __wrapper$a48ef62973d94f28888429b26a0da00f.C
C
None
None
Test.MyRecord
[0m[[31merror[0m] [0m(run-main) java.lang.ClassNotFoundException: no Java class corresponding to Test found[0m
java.lang.ClassNotFoundException: no Java class corresponding to Test found
	at scala.reflect.runtime.JavaMirrors$JavaMirror$$anonfun$classToJava$1.scala$reflect$runtime$JavaMirrors$JavaMirror$$anonfun$$noClass$1(JavaMirrors.scala:1156)
	at scala.reflect.runtime.JavaMirrors$JavaMirror$$anonfun$classToJava$1.apply(JavaMirrors.scala:1181)
	at scala.reflect.runtime.JavaMirrors$JavaMirror$$anonfun$classToJava$1.apply(JavaMirrors.scala:1155)
	at scala.reflect.runtime.TwoWayCache.toJava(TwoWayCache.scala:49)
	at scala.reflect.runtime.JavaMirrors$JavaMirror.classToJava(JavaMirrors.scala:1155)
	at scala.reflect.runtime.JavaMirrors$JavaMirror.runtimeClass(JavaMirrors.scala:204)
	at scala.reflect.runtime.JavaMirrors$JavaMirror.runtimeClass(JavaMirrors.scala:65)
	at com.gensler.scalavro.types.AvroType$$anonfun$fromTypeHelper$1.apply(AvroType.scala:353)
	at com.gensler.scalavro.types.AvroType$$anonfun$fromTypeHelper$1.apply(AvroType.scala:227)
	at scala.util.Try$.apply(Try.scala:161)
	at com.gensler.scalavro.types.AvroType$.fromTypeHelper(AvroType.scala:227)
	at com.gensler.scalavro.types.AvroType$.fromType(AvroType.scala:223)
	at com.gensler.scalavro.types.AvroType$.apply(AvroType.scala:217)
	at Test$delayedInit$body.apply(Main.scala:160)
	at scala.Function0$class.apply$mcV$sp(Function0.scala:40)
	at scala.runtime.AbstractFunction0.apply$mcV$sp(AbstractFunction0.scala:12)
	at scala.App$$anonfun$main$1.apply(App.scala:71)
	at scala.App$$anonfun$main$1.apply(App.scala:71)
	at scala.collection.immutable.List.foreach(List.scala:318)
	at scala.collection.generic.TraversableForwarder$class.foreach(TraversableForwarder.scala:32)
	at scala.App$class.main(App.scala:71)
	at Test$.main(Main.scala:23)
	at Test.main(Main.scala)
	at sun.reflect.NativeMethodAccessorImpl.invoke0(Native Method)
	at sun.reflect.NativeMethodAccessorImpl.invoke(NativeMethodAccessorImpl.java:57)
	at sun.reflect.DelegatingMethodAccessorImpl.invoke(DelegatingMethodAccessorImpl.java:43)
	at java.lang.reflect.Method.invoke(Method.java:616)
[0m[[31mtrace[0m] [0mStack trace suppressed: run [34mlast compile:run[0m for the full output.[0m
java.lang.RuntimeException: Nonzero exit code: 1
	at scala.sys.package$.error(package.scala:27)
[0m[[31mtrace[0m] [0mStack trace suppressed: run [34mlast compile:run[0m for the full output.[0m
[0m[[31merror[0m] [0m(compile:[31mrun[0m) Nonzero exit code: 1[0m
[0m[[31merror[0m] [0mTotal time: 21 s, completed Sep 23, 2013 11:25:13 PM[0m
